<?xml version="1.0" encoding="UTF-8"?>
<!-- Generated by org.testng.reporters.JUnitReportReporter -->
<testsuite hostname="giri26march-PC" failures="0" tests="1" name="qsp.framesHandlingS" time="7.617" errors="0" timestamp="03 Jan 2019 10:45:16 GMT" skipped="0">
  <testcase classname="qsp.framesHandlingS" name="test" time="7.617"/>
</testsuite> <!-- qsp.framesHandlingS -->
