<?xml version="1.0" encoding="UTF-8"?>
<!-- Generated by org.testng.reporters.JUnitReportReporter -->
<testsuite hostname="giri26march-PC" failures="0" tests="1" name="readExcel.WriteExcelFile" time="1.047" errors="0" timestamp="02 Jan 2019 11:01:34 GMT" skipped="0">
  <testcase classname="readExcel.WriteExcelFile" name="testA" time="1.047"/>
</testsuite> <!-- readExcel.WriteExcelFile -->
