<?xml version="1.0" encoding="UTF-8"?>
<!-- Generated by org.testng.reporters.JUnitReportReporter -->
<testsuite hostname="giri26march-PC" failures="0" tests="1" name="blueStoneAutomate.ZeoPercent" time="14.323" errors="0" timestamp="06 Feb 2019 11:32:14 GMT" skipped="0">
  <testcase classname="blueStoneAutomate.ZeoPercent" name="maintest" time="14.323"/>
</testsuite> <!-- blueStoneAutomate.ZeoPercent -->
