<?xml version="1.0" encoding="UTF-8"?>
<!-- Generated by org.testng.reporters.JUnitReportReporter -->
<testsuite hostname="giri26march-PC" failures="0" tests="3" name="testNG.DemoA" time="0.016" errors="0" timestamp="25 Dec 2018 10:12:42 GMT" skipped="0">
  <testcase classname="testNG.DemoA" name="register" time="0.016"/>
  <testcase classname="testNG.DemoA" name="register" time="0.000"/>
  <testcase classname="testNG.DemoA" name="login" time="0.000"/>
</testsuite> <!-- testNG.DemoA -->
