<?xml version="1.0" encoding="UTF-8"?>
<!-- Generated by org.testng.reporters.JUnitReportReporter -->
<testsuite hostname="giri26march-PC" failures="0" tests="1" name="readExcel.ReadExcelFile" time="0.703" errors="0" timestamp="03 Jan 2019 10:24:22 GMT" skipped="0">
  <testcase classname="readExcel.ReadExcelFile" name="testA" time="0.703"/>
</testsuite> <!-- readExcel.ReadExcelFile -->
