<?xml version="1.0" encoding="UTF-8"?>
<!-- Generated by org.testng.reporters.JUnitReportReporter -->
<testsuite hostname="giri26march-PC" failures="0" tests="1" name="MakeMyTrip" time="56.514" errors="0" timestamp="05 Feb 2019 11:54:13 GMT" skipped="0">
  <testcase classname="MakeMyTrip" name="testDate" time="56.514"/>
</testsuite> <!-- MakeMyTrip -->
