<?xml version="1.0" encoding="UTF-8"?>
<!-- Generated by org.testng.reporters.JUnitReportReporter -->
<testsuite hostname="giri26march-PC" failures="0" tests="2" name="testNgDataProvider.TestDataProvide" time="0.010" errors="0" timestamp="31 Jan 2019 03:58:19 GMT" skipped="0">
  <testcase classname="testNgDataProvider.TestDataProvide" name="run" time="0.009"/>
  <testcase classname="testNgDataProvider.TestDataProvide" name="run" time="0.001"/>
</testsuite> <!-- testNgDataProvider.TestDataProvide -->
