<?xml version="1.0" encoding="UTF-8"?>
<!-- Generated by org.testng.reporters.JUnitReportReporter -->
<testsuite hostname="giri26march-PC" failures="0" tests="1" name="blueStoneAutomate.SeventYFivePer" time="59.862" errors="0" timestamp="06 Feb 2019 11:46:24 GMT" skipped="0">
  <testcase classname="blueStoneAutomate.SeventYFivePer" name="maintest" time="59.862"/>
</testsuite> <!-- blueStoneAutomate.SeventYFivePer -->
