<?xml version="1.0" encoding="UTF-8"?>
<!-- Generated by org.testng.reporters.JUnitReportReporter -->
<testsuite hostname="giri26march-PC" failures="0" tests="1" name="testNGReporter.DemoA" time="0.015" errors="0" timestamp="26 Dec 2018 10:58:36 GMT" skipped="0">
  <testcase classname="testNGReporter.DemoA" name="test1" time="0.015"/>
</testsuite> <!-- testNGReporter.DemoA -->
