<?xml version="1.0" encoding="UTF-8"?>
<!-- Generated by org.testng.reporters.JUnitReportReporter -->
<testsuite hostname="giri26march-PC" failures="0" tests="4" name="testNgDataProvider.TestAllAnotation" time="0.023" errors="0" timestamp="31 Jan 2019 04:20:11 GMT" skipped="0">
  <testcase classname="testNgDataProvider.TestAllAnotation" name="secondRun" time="0.002"/>
  <testcase classname="testNgDataProvider.TestAllAnotation" name="secondRun" time="0.014"/>
  <testcase classname="testNgDataProvider.TestAllAnotation" name="secondRun" time="0.003"/>
  <testcase classname="testNgDataProvider.TestAllAnotation" name="run" time="0.004"/>
</testsuite> <!-- testNgDataProvider.TestAllAnotation -->
