<?xml version="1.0" encoding="UTF-8"?>
<!-- Generated by org.testng.reporters.JUnitReportReporter -->
<testsuite hostname="giri26march-PC" failures="0" tests="2" name="testNGReporter.DemoB" time="0.000" errors="0" timestamp="26 Dec 2018 10:58:36 GMT" skipped="0">
  <testcase classname="testNGReporter.DemoB" name="testB2" time="0.000"/>
  <testcase classname="testNGReporter.DemoB" name="testB1" time="0.000"/>
</testsuite> <!-- testNGReporter.DemoB -->
