<?xml version="1.0" encoding="UTF-8"?>
<!-- Generated by org.testng.reporters.JUnitReportReporter -->
<testsuite hostname="giri26march-PC" failures="0" tests="4" name="testNgDataProvider.DataProvideBlue" time="0.056" errors="0" timestamp="01 Feb 2019 13:11:23 GMT" skipped="0">
  <testcase classname="testNgDataProvider.DataProvideBlue" name="test" time="0.050"/>
  <testcase classname="testNgDataProvider.DataProvideBlue" name="test" time="0.002"/>
  <testcase classname="testNgDataProvider.DataProvideBlue" name="test" time="0.001"/>
  <testcase classname="testNgDataProvider.DataProvideBlue" name="test" time="0.003"/>
</testsuite> <!-- testNgDataProvider.DataProvideBlue -->
